p/P_200.png 1 0 0 96 96
p/P_199.png 1 0 0 96 96
p/P_198.png 1 0 0 96 96
p/P_197.png 1 0 0 96 96
p/P_196.png 1 0 0 96 96
p/P_195.png 1 0 0 96 96
p/P_194.png 1 0 0 96 96
p/P_193.png 1 0 0 96 96
p/P_192.png 1 0 0 96 96
p/P_191.png 1 0 0 96 96
p/P_190.png 1 0 0 96 96
p/P_189.png 1 0 0 96 96
p/P_188.png 1 0 0 96 96
p/P_187.png 1 0 0 96 96
p/P_186.png 1 0 0 96 96
p/P_185.png 1 0 0 96 96
p/P_184.png 1 0 0 96 96
p/P_182.png 1 0 0 96 96
p/P_181.png 1 0 0 96 96
p/P_180.png 1 0 0 96 96
p/P_179.png 1 0 0 96 96
p/P_178.png 1 0 0 96 96
p/P_177.png 1 0 0 96 96
p/P_176.png 1 0 0 96 96
p/P_175.png 1 0 0 96 96
p/P_174.png 1 0 0 96 96
p/P_173.png 1 0 0 96 96
p/P_172.png 1 0 0 96 96
p/P_171.png 1 0 0 96 96
p/P_170.png 1 0 0 96 96
p/P_169.png 1 0 0 96 96
p/P_168.png 1 0 0 96 96
p/P_167.png 1 0 0 96 96
p/P_166.png 1 0 0 96 96
p/P_165.png 1 0 0 96 96
p/P_164.png 1 0 0 96 96
p/P_163.png 1 0 0 96 96
p/P_162.png 1 0 0 96 96
p/P_161.png 1 0 0 96 96
p/P_160.png 1 0 0 96 96
p/P_159.png 1 0 0 96 96
p/P_158.png 1 0 0 96 96
p/P_157.png 1 0 0 96 96
p/P_156.png 1 0 0 96 96
p/P_155.png 1 0 0 96 96
p/P_154.png 1 0 0 96 96
p/P_153.png 1 0 0 96 96
p/P_152.png 1 0 0 96 96
p/P_151.png 1 0 0 96 96
p/P_150.png 1 0 0 96 96
p/P_149.png 1 0 0 96 96
p/P_148.png 1 0 0 96 96
p/P_147.png 1 0 0 96 96
p/P_146.png 1 0 0 96 96
p/P_145.png 1 0 0 96 96
p/P_144.png 1 0 0 96 96
p/P_143.png 1 0 0 96 96
p/P_142.png 1 0 0 96 96
p/P_141.png 1 0 0 96 96
p/P_140.png 1 0 0 96 96
p/P_139.png 1 0 0 96 96
p/P_138.png 1 0 0 96 96
p/P_137.png 1 0 0 96 96
p/P_136.png 1 0 0 96 96
p/P_135.png 1 0 0 96 96
p/P_134.png 1 0 0 96 96
p/P_133.png 1 0 0 96 96
p/P_132.png 1 0 0 96 96
p/P_131.png 1 0 0 96 96
p/P_130.png 1 0 0 96 96
p/P_129.png 1 0 0 96 96
p/P_128.png 1 0 0 96 96
p/P_127.png 1 0 0 96 96
p/P_126.png 1 0 0 96 96
p/P_125.png 1 0 0 96 96
p/P_124.png 1 0 0 96 96
p/P_123.png 1 0 0 96 96
p/P_122.png 1 0 0 96 96
p/P_121.png 1 0 0 96 96
p/P_120.png 1 0 0 96 96
p/P_119.png 1 0 0 96 96
p/P_118.png 1 0 0 96 96
p/P_117.png 1 0 0 96 96
p/P_116.png 1 0 0 96 96
p/P_115.png 1 0 0 96 96
p/P_114.png 1 0 0 96 96
p/P_113.png 1 0 0 96 96
p/P_112.png 1 0 0 96 96
p/P_111.png 1 0 0 96 96
p/P_110.png 1 0 0 96 96
p/P_109.png 1 0 0 96 96
p/P_108.png 1 0 0 96 96
p/P_107.png 1 0 0 96 96
p/P_106.png 1 0 0 96 96
p/P_105.png 1 0 0 96 96
p/P_104.png 1 0 0 96 96
p/P_103.png 1 0 0 96 96
p/P_102.png 1 0 0 96 96
p/P_101.png 1 0 0 96 96
p/P_100.png 1 0 0 96 96
p/P_99.png 1 0 0 96 96
p/P_98.png 1 0 0 96 96
p/P_97.png 1 0 0 96 96
p/P_96.png 1 0 0 96 96
p/P_95.png 1 0 0 96 96
p/P_94.png 1 0 0 96 96
p/P_93.png 1 0 0 96 96
p/P_92.png 1 0 0 96 96
p/P_91.png 1 0 0 96 96
p/P_90.png 1 0 0 96 96
p/P_89.png 1 0 0 96 96
p/P_88.png 1 0 0 96 96
p/P_87.png 1 0 0 96 96
p/P_86.png 1 0 0 96 96
p/P_85.png 1 0 0 96 96
p/P_84.png 1 0 0 96 96
p/P_83.png 1 0 0 96 96
p/P_82.png 1 0 0 96 96
p/P_81.png 1 0 0 96 96
p/P_80.png 1 0 0 96 96
p/P_79.png 1 0 0 96 96
p/P_78.png 1 0 0 96 96
p/P_77.png 1 0 0 96 96
p/P_76.png 1 0 0 96 96
p/P_75.png 1 0 0 96 96
p/P_74.png 1 0 0 96 96
p/P_73.png 1 0 0 96 96
p/P_72.png 1 0 0 96 96
p/P_71.png 1 0 0 96 96
p/P_70.png 1 0 0 96 96
p/P_69.png 1 0 0 96 96
p/P_68.png 1 0 0 96 96
p/P_67.png 1 0 0 96 96
p/P_66.png 1 0 0 96 96
p/P_65.png 1 0 0 96 96
p/P_64.png 1 0 0 96 96
p/P_63.png 1 0 0 96 96
p/P_62.png 1 0 0 96 96
p/P_61.png 1 0 0 96 96
p/P_60.png 1 0 0 96 96
p/P_59.png 1 0 0 96 96
p/P_58.png 1 0 0 96 96
p/P_57.png 1 0 0 96 96
p/P_56.png 1 0 0 96 96
p/P_55.png 1 0 0 96 96
p/P_54.png 1 0 0 96 96
p/P_53.png 1 0 0 96 96
p/P_52.png 1 0 0 96 96
p/P_51.png 1 0 0 96 96
p/P_50.png 1 0 0 96 96
p/P_49.png 1 0 0 96 96
p/P_48.png 1 0 0 96 96
p/P_47.png 1 0 0 96 96
p/P_46.png 1 0 0 96 96
p/P_45.png 1 0 0 96 96
p/P_44.png 1 0 0 96 96
p/P_43.png 1 0 0 96 96
p/P_42.png 1 0 0 96 96
p/P_41.png 1 0 0 96 96
p/P_40.png 1 0 0 96 96
p/P_39.png 1 0 0 96 96
p/P_38.png 1 0 0 96 96
p/P_37.png 1 0 0 96 96
p/P_36.png 1 0 0 96 96
p/P_35.png 1 0 0 96 96
p/P_34.png 1 0 0 96 96
p/P_33.png 1 0 0 96 96
p/P_32.png 1 0 0 96 96
p/P_31.png 1 0 0 96 96
p/P_30.png 1 0 0 96 96
p/P_29.png 1 0 0 96 96
p/P_28.png 1 0 0 96 96
p/P_27.png 1 0 0 96 96
p/P_26.png 1 0 0 96 96
p/P_25.png 1 0 0 96 96
p/P_24.png 1 0 0 96 96
p/P_23.png 1 0 0 96 96
p/P_22.png 1 0 0 96 96
p/P_21.png 1 0 0 96 96
p/P_20.png 1 0 0 96 96
p/P_19.png 1 0 0 96 96
p/P_18.png 1 0 0 96 96
p/P_17.png 1 0 0 96 96
p/P_16.png 1 0 0 96 96
p/P_15.png 1 0 0 96 96
p/P_14.png 1 0 0 96 96
p/P_13.png 1 0 0 96 96
p/P_12.png 1 0 0 96 96
p/P_11.png 1 0 0 96 96
p/P_10.png 1 0 0 96 96
p/P_9.png 1 0 0 96 96
p/P_8.png 1 0 0 96 96
p/P_7.png 1 0 0 96 96
p/P_6.png 1 0 0 96 96
p/P_5.png 1 0 0 96 96
p/P_4.png 1 0 0 96 96
p/P_3.png 1 0 0 96 96
p/P_2.png 1 0 0 96 96
p/P_1.png 1 0 0 96 96